<?xml version="1.0" encoding="UTF-8"?>
<testsuite name="com.example.transaction.TransactionTest" tests="1" skipped="0" failures="0" errors="0" timestamp="2025-12-04T07:52:17.293Z" hostname="BaekYuJeong-MacBookAir.local" time="0.985">
  <properties/>
  <testcase name="exceptionRollbackTest()" classname="com.example.transaction.TransactionTest" time="0.985"/>
  <system-out><![CDATA[16:52:12.292 [Test worker] INFO org.springframework.test.context.support.AnnotationConfigContextLoaderUtils -- Could not detect default configuration classes for test class [com.example.transaction.TransactionTest]: TransactionTest does not declare any static, non-private, non-final, nested classes annotated with @Configuration.
16:52:12.418 [Test worker] INFO org.springframework.boot.test.context.SpringBootTestContextBootstrapper -- Found @SpringBootConfiguration com.example.transaction.TransactionApplication for test class com.example.transaction.TransactionTest

  .   ____          _            __ _ _
 /\\ / ___'_ __ _ _(_)_ __  __ _ \ \ \ \
( ( )\___ | '_ | '_| | '_ \/ _` | \ \ \ \
 \\/  ___)| |_)| | | | | || (_| |  ) ) ) )
  '  |____| .__|_| |_|_| |_\__, | / / / /
 =========|_|==============|___/=/_/_/_/

 :: Spring Boot ::                (v3.5.6)

2025-12-04T16:52:12.923+09:00  INFO 43913 --- [MyWebService] [    Test worker] c.example.transaction.TransactionTest    : Starting TransactionTest using Java 17.0.16 with PID 43913 (started by baekyujeong in /Users/baekyujeong/Downloads/spring-main/board-rest-api)
2025-12-04T16:52:12.925+09:00  INFO 43913 --- [MyWebService] [    Test worker] c.example.transaction.TransactionTest    : No active profile set, falling back to 1 default profile: "default"
2025-12-04T16:52:13.896+09:00  INFO 43913 --- [MyWebService] [    Test worker] .s.d.r.c.RepositoryConfigurationDelegate : Bootstrapping Spring Data JPA repositories in DEFAULT mode.
2025-12-04T16:52:13.943+09:00  INFO 43913 --- [MyWebService] [    Test worker] .s.d.r.c.RepositoryConfigurationDelegate : Finished Spring Data repository scanning in 35 ms. Found 1 JPA repository interface.
2025-12-04T16:52:14.372+09:00 DEBUG 43913 --- [MyWebService] [    Test worker] j.LocalContainerEntityManagerFactoryBean : Building JPA container EntityManagerFactory for persistence unit 'default'
2025-12-04T16:52:14.401+09:00  INFO 43913 --- [MyWebService] [    Test worker] o.hibernate.jpa.internal.util.LogHelper  : HHH000204: Processing PersistenceUnitInfo [name: default]
2025-12-04T16:52:14.484+09:00  INFO 43913 --- [MyWebService] [    Test worker] org.hibernate.Version                    : HHH000412: Hibernate ORM core version 6.6.29.Final
2025-12-04T16:52:14.534+09:00  INFO 43913 --- [MyWebService] [    Test worker] o.h.c.internal.RegionFactoryInitiator    : HHH000026: Second-level cache disabled
2025-12-04T16:52:14.848+09:00  INFO 43913 --- [MyWebService] [    Test worker] o.s.o.j.p.SpringPersistenceUnitInfo      : No LoadTimeWeaver setup: ignoring JPA class transformer
2025-12-04T16:52:14.880+09:00  INFO 43913 --- [MyWebService] [    Test worker] com.zaxxer.hikari.HikariDataSource       : HikariPool-1 - Starting...
2025-12-04T16:52:15.088+09:00  INFO 43913 --- [MyWebService] [    Test worker] com.zaxxer.hikari.pool.HikariPool        : HikariPool-1 - Added connection conn0: url=jdbc:h2:mem:boardapi user=SA
2025-12-04T16:52:15.090+09:00  INFO 43913 --- [MyWebService] [    Test worker] com.zaxxer.hikari.HikariDataSource       : HikariPool-1 - Start completed.
2025-12-04T16:52:15.171+09:00  INFO 43913 --- [MyWebService] [    Test worker] org.hibernate.orm.connections.pooling    : HHH10001005: Database info:
	Database JDBC URL [Connecting through datasource 'HikariDataSource (HikariPool-1)']
	Database driver: undefined/unknown
	Database version: 2.3.232
	Autocommit mode: undefined/unknown
	Isolation level: undefined/unknown
	Minimum pool size: undefined/unknown
	Maximum pool size: undefined/unknown
2025-12-04T16:52:16.026+09:00  INFO 43913 --- [MyWebService] [    Test worker] o.h.e.t.j.p.i.JtaPlatformInitiator       : HHH000489: No JTA platform available (set 'hibernate.transaction.jta.platform' to enable JTA platform integration)
2025-12-04T16:52:16.045+09:00 DEBUG 43913 --- [MyWebService] [    Test worker] org.hibernate.SQL                        : 
    drop table if exists account cascade 
Hibernate: 
    drop table if exists account cascade 
2025-12-04T16:52:16.055+09:00 DEBUG 43913 --- [MyWebService] [    Test worker] org.hibernate.SQL                        : 
    create table account (
        money integer not null,
        id bigint generated by default as identity,
        primary key (id)
    )
Hibernate: 
    create table account (
        money integer not null,
        id bigint generated by default as identity,
        primary key (id)
    )
2025-12-04T16:52:16.071+09:00  INFO 43913 --- [MyWebService] [    Test worker] j.LocalContainerEntityManagerFactoryBean : Initialized JPA EntityManagerFactory for persistence unit 'default'
2025-12-04T16:52:16.577+09:00  WARN 43913 --- [MyWebService] [    Test worker] JpaBaseConfiguration$JpaWebConfiguration : spring.jpa.open-in-view is enabled by default. Therefore, database queries may be performed during view rendering. Explicitly configure spring.jpa.open-in-view to disable this warning
2025-12-04T16:52:17.189+09:00  INFO 43913 --- [MyWebService] [    Test worker] o.s.b.a.h2.H2ConsoleAutoConfiguration    : H2 console available at '/h2-console'. Database available at 'jdbc:h2:mem:boardapi'
2025-12-04T16:52:17.277+09:00  INFO 43913 --- [MyWebService] [    Test worker] c.example.transaction.TransactionTest    : Started TransactionTest in 4.694 seconds (process running for 6.041)
2025-12-04T16:52:17.789+09:00 DEBUG 43913 --- [MyWebService] [    Test worker] o.s.orm.jpa.JpaTransactionManager        : Creating new transaction with name [org.springframework.data.jpa.repository.support.SimpleJpaRepository.deleteAll]: PROPAGATION_REQUIRED,ISOLATION_DEFAULT
2025-12-04T16:52:17.847+09:00 DEBUG 43913 --- [MyWebService] [    Test worker] o.s.orm.jpa.JpaTransactionManager        : Opened new EntityManager [SessionImpl(2120230345<open>)] for JPA transaction
2025-12-04T16:52:17.855+09:00 DEBUG 43913 --- [MyWebService] [    Test worker] o.s.orm.jpa.JpaTransactionManager        : Exposing JPA transaction as JDBC [org.springframework.orm.jpa.vendor.HibernateJpaDialect$HibernateConnectionHandle@6894d28d]
2025-12-04T16:52:18.029+09:00 DEBUG 43913 --- [MyWebService] [    Test worker] org.hibernate.SQL                        : 
    /* <criteria> */ select
        a1_0.id,
        a1_0.money 
    from
        account a1_0
Hibernate: 
    /* <criteria> */ select
        a1_0.id,
        a1_0.money 
    from
        account a1_0
2025-12-04T16:52:18.099+09:00 DEBUG 43913 --- [MyWebService] [    Test worker] o.s.orm.jpa.JpaTransactionManager        : Initiating transaction commit
2025-12-04T16:52:18.099+09:00 DEBUG 43913 --- [MyWebService] [    Test worker] o.s.orm.jpa.JpaTransactionManager        : Committing JPA transaction on EntityManager [SessionImpl(2120230345<open>)]
2025-12-04T16:52:18.102+09:00 DEBUG 43913 --- [MyWebService] [    Test worker] o.s.orm.jpa.JpaTransactionManager        : Closing JPA EntityManager [SessionImpl(2120230345<open>)] after transaction
2025-12-04T16:52:18.102+09:00 DEBUG 43913 --- [MyWebService] [    Test worker] o.s.orm.jpa.JpaTransactionManager        : Creating new transaction with name [org.springframework.data.jpa.repository.support.SimpleJpaRepository.save]: PROPAGATION_REQUIRED,ISOLATION_DEFAULT
2025-12-04T16:52:18.103+09:00 DEBUG 43913 --- [MyWebService] [    Test worker] o.s.orm.jpa.JpaTransactionManager        : Opened new EntityManager [SessionImpl(772629104<open>)] for JPA transaction
2025-12-04T16:52:18.103+09:00 DEBUG 43913 --- [MyWebService] [    Test worker] o.s.orm.jpa.JpaTransactionManager        : Exposing JPA transaction as JDBC [org.springframework.orm.jpa.vendor.HibernateJpaDialect$HibernateConnectionHandle@314b0d53]
2025-12-04T16:52:18.124+09:00 DEBUG 43913 --- [MyWebService] [    Test worker] org.hibernate.SQL                        : 
    /* insert for
        com.example.transaction.Account */insert 
    into
        account (money, id) 
    values
        (?, default)
Hibernate: 
    /* insert for
        com.example.transaction.Account */insert 
    into
        account (money, id) 
    values
        (?, default)
2025-12-04T16:52:18.128+09:00 TRACE 43913 --- [MyWebService] [    Test worker] org.hibernate.orm.jdbc.bind              : binding parameter (1:INTEGER) <- [1000]
2025-12-04T16:52:18.142+09:00 DEBUG 43913 --- [MyWebService] [    Test worker] o.s.orm.jpa.JpaTransactionManager        : Initiating transaction commit
2025-12-04T16:52:18.142+09:00 DEBUG 43913 --- [MyWebService] [    Test worker] o.s.orm.jpa.JpaTransactionManager        : Committing JPA transaction on EntityManager [SessionImpl(772629104<open>)]
2025-12-04T16:52:18.148+09:00 DEBUG 43913 --- [MyWebService] [    Test worker] o.s.orm.jpa.JpaTransactionManager        : Closing JPA EntityManager [SessionImpl(772629104<open>)] after transaction
2025-12-04T16:52:18.149+09:00 DEBUG 43913 --- [MyWebService] [    Test worker] o.s.orm.jpa.JpaTransactionManager        : Creating new transaction with name [org.springframework.data.jpa.repository.support.SimpleJpaRepository.save]: PROPAGATION_REQUIRED,ISOLATION_DEFAULT
2025-12-04T16:52:18.149+09:00 DEBUG 43913 --- [MyWebService] [    Test worker] o.s.orm.jpa.JpaTransactionManager        : Opened new EntityManager [SessionImpl(1332705926<open>)] for JPA transaction
2025-12-04T16:52:18.149+09:00 DEBUG 43913 --- [MyWebService] [    Test worker] o.s.orm.jpa.JpaTransactionManager        : Exposing JPA transaction as JDBC [org.springframework.orm.jpa.vendor.HibernateJpaDialect$HibernateConnectionHandle@6ed78a5e]
2025-12-04T16:52:18.150+09:00 DEBUG 43913 --- [MyWebService] [    Test worker] org.hibernate.SQL                        : 
    /* insert for
        com.example.transaction.Account */insert 
    into
        account (money, id) 
    values
        (?, default)
Hibernate: 
    /* insert for
        com.example.transaction.Account */insert 
    into
        account (money, id) 
    values
        (?, default)
2025-12-04T16:52:18.151+09:00 TRACE 43913 --- [MyWebService] [    Test worker] org.hibernate.orm.jdbc.bind              : binding parameter (1:INTEGER) <- [1000]
2025-12-04T16:52:18.152+09:00 DEBUG 43913 --- [MyWebService] [    Test worker] o.s.orm.jpa.JpaTransactionManager        : Initiating transaction commit
2025-12-04T16:52:18.152+09:00 DEBUG 43913 --- [MyWebService] [    Test worker] o.s.orm.jpa.JpaTransactionManager        : Committing JPA transaction on EntityManager [SessionImpl(1332705926<open>)]
2025-12-04T16:52:18.153+09:00 DEBUG 43913 --- [MyWebService] [    Test worker] o.s.orm.jpa.JpaTransactionManager        : Closing JPA EntityManager [SessionImpl(1332705926<open>)] after transaction
2025-12-04T16:52:18.156+09:00 DEBUG 43913 --- [MyWebService] [    Test worker] o.s.orm.jpa.JpaTransactionManager        : Creating new transaction with name [com.example.transaction.AccountService.transfer]: PROPAGATION_REQUIRED,ISOLATION_DEFAULT
2025-12-04T16:52:18.156+09:00 DEBUG 43913 --- [MyWebService] [    Test worker] o.s.orm.jpa.JpaTransactionManager        : Opened new EntityManager [SessionImpl(532482128<open>)] for JPA transaction
2025-12-04T16:52:18.156+09:00 DEBUG 43913 --- [MyWebService] [    Test worker] o.s.orm.jpa.JpaTransactionManager        : Exposing JPA transaction as JDBC [org.springframework.orm.jpa.vendor.HibernateJpaDialect$HibernateConnectionHandle@57bc7f67]
2025-12-04T16:52:18.157+09:00 DEBUG 43913 --- [MyWebService] [    Test worker] o.s.orm.jpa.JpaTransactionManager        : Found thread-bound EntityManager [SessionImpl(532482128<open>)] for JPA transaction
2025-12-04T16:52:18.157+09:00 DEBUG 43913 --- [MyWebService] [    Test worker] o.s.orm.jpa.JpaTransactionManager        : Participating in existing transaction
2025-12-04T16:52:18.163+09:00 DEBUG 43913 --- [MyWebService] [    Test worker] org.hibernate.SQL                        : 
    select
        a1_0.id,
        a1_0.money 
    from
        account a1_0 
    where
        a1_0.id=?
Hibernate: 
    select
        a1_0.id,
        a1_0.money 
    from
        account a1_0 
    where
        a1_0.id=?
2025-12-04T16:52:18.164+09:00 TRACE 43913 --- [MyWebService] [    Test worker] org.hibernate.orm.jdbc.bind              : binding parameter (1:BIGINT) <- [1]
2025-12-04T16:52:18.168+09:00 DEBUG 43913 --- [MyWebService] [    Test worker] o.s.orm.jpa.JpaTransactionManager        : Found thread-bound EntityManager [SessionImpl(532482128<open>)] for JPA transaction
2025-12-04T16:52:18.168+09:00 DEBUG 43913 --- [MyWebService] [    Test worker] o.s.orm.jpa.JpaTransactionManager        : Participating in existing transaction
2025-12-04T16:52:18.168+09:00 DEBUG 43913 --- [MyWebService] [    Test worker] org.hibernate.SQL                        : 
    select
        a1_0.id,
        a1_0.money 
    from
        account a1_0 
    where
        a1_0.id=?
Hibernate: 
    select
        a1_0.id,
        a1_0.money 
    from
        account a1_0 
    where
        a1_0.id=?
2025-12-04T16:52:18.169+09:00 TRACE 43913 --- [MyWebService] [    Test worker] org.hibernate.orm.jdbc.bind              : binding parameter (1:BIGINT) <- [2]
2025-12-04T16:52:18.171+09:00 DEBUG 43913 --- [MyWebService] [    Test worker] o.s.orm.jpa.JpaTransactionManager        : Initiating transaction rollback
2025-12-04T16:52:18.172+09:00 DEBUG 43913 --- [MyWebService] [    Test worker] o.s.orm.jpa.JpaTransactionManager        : Rolling back JPA transaction on EntityManager [SessionImpl(532482128<open>)]
2025-12-04T16:52:18.173+09:00 DEBUG 43913 --- [MyWebService] [    Test worker] o.s.orm.jpa.JpaTransactionManager        : Closing JPA EntityManager [SessionImpl(532482128<open>)] after transaction
2025-12-04T16:52:18.174+09:00 DEBUG 43913 --- [MyWebService] [    Test worker] o.s.orm.jpa.JpaTransactionManager        : Creating new transaction with name [org.springframework.data.jpa.repository.support.SimpleJpaRepository.findById]: PROPAGATION_REQUIRED,ISOLATION_DEFAULT,readOnly
2025-12-04T16:52:18.174+09:00 DEBUG 43913 --- [MyWebService] [    Test worker] o.s.orm.jpa.JpaTransactionManager        : Opened new EntityManager [SessionImpl(1678409898<open>)] for JPA transaction
2025-12-04T16:52:18.175+09:00 DEBUG 43913 --- [MyWebService] [    Test worker] o.s.orm.jpa.JpaTransactionManager        : Exposing JPA transaction as JDBC [org.springframework.orm.jpa.vendor.HibernateJpaDialect$HibernateConnectionHandle@1e0bae92]
2025-12-04T16:52:18.176+09:00 DEBUG 43913 --- [MyWebService] [    Test worker] org.hibernate.SQL                        : 
    select
        a1_0.id,
        a1_0.money 
    from
        account a1_0 
    where
        a1_0.id=?
Hibernate: 
    select
        a1_0.id,
        a1_0.money 
    from
        account a1_0 
    where
        a1_0.id=?
2025-12-04T16:52:18.177+09:00 TRACE 43913 --- [MyWebService] [    Test worker] org.hibernate.orm.jdbc.bind              : binding parameter (1:BIGINT) <- [1]
2025-12-04T16:52:18.178+09:00 DEBUG 43913 --- [MyWebService] [    Test worker] o.s.orm.jpa.JpaTransactionManager        : Initiating transaction commit
2025-12-04T16:52:18.178+09:00 DEBUG 43913 --- [MyWebService] [    Test worker] o.s.orm.jpa.JpaTransactionManager        : Committing JPA transaction on EntityManager [SessionImpl(1678409898<open>)]
2025-12-04T16:52:18.178+09:00 DEBUG 43913 --- [MyWebService] [    Test worker] o.s.orm.jpa.JpaTransactionManager        : Closing JPA EntityManager [SessionImpl(1678409898<open>)] after transaction
2025-12-04T16:52:18.179+09:00 DEBUG 43913 --- [MyWebService] [    Test worker] o.s.orm.jpa.JpaTransactionManager        : Creating new transaction with name [org.springframework.data.jpa.repository.support.SimpleJpaRepository.findById]: PROPAGATION_REQUIRED,ISOLATION_DEFAULT,readOnly
2025-12-04T16:52:18.179+09:00 DEBUG 43913 --- [MyWebService] [    Test worker] o.s.orm.jpa.JpaTransactionManager        : Opened new EntityManager [SessionImpl(1360767433<open>)] for JPA transaction
2025-12-04T16:52:18.179+09:00 DEBUG 43913 --- [MyWebService] [    Test worker] o.s.orm.jpa.JpaTransactionManager        : Exposing JPA transaction as JDBC [org.springframework.orm.jpa.vendor.HibernateJpaDialect$HibernateConnectionHandle@3debeb5e]
2025-12-04T16:52:18.180+09:00 DEBUG 43913 --- [MyWebService] [    Test worker] org.hibernate.SQL                        : 
    select
        a1_0.id,
        a1_0.money 
    from
        account a1_0 
    where
        a1_0.id=?
Hibernate: 
    select
        a1_0.id,
        a1_0.money 
    from
        account a1_0 
    where
        a1_0.id=?
2025-12-04T16:52:18.182+09:00 TRACE 43913 --- [MyWebService] [    Test worker] org.hibernate.orm.jdbc.bind              : binding parameter (1:BIGINT) <- [2]
2025-12-04T16:52:18.184+09:00 DEBUG 43913 --- [MyWebService] [    Test worker] o.s.orm.jpa.JpaTransactionManager        : Initiating transaction commit
2025-12-04T16:52:18.184+09:00 DEBUG 43913 --- [MyWebService] [    Test worker] o.s.orm.jpa.JpaTransactionManager        : Committing JPA transaction on EntityManager [SessionImpl(1360767433<open>)]
2025-12-04T16:52:18.185+09:00 DEBUG 43913 --- [MyWebService] [    Test worker] o.s.orm.jpa.JpaTransactionManager        : Closing JPA EntityManager [SessionImpl(1360767433<open>)] after transaction
]]></system-out>
  <system-err><![CDATA[]]></system-err>
</testsuite>
